Flow report for d_flip_flop
Wed Oct 16 22:31:42 2019
Quartus II Version 9.0 Build 132 02/25/2009 SJ Full Version


---------------------
; Table of Contents ;
---------------------
  1. Legal Notice
  2. Flow Summary
  3. Flow Settings
  4. Flow Non-Default Global Settings
  5. Flow Elapsed Time
  6. Flow OS Summary
  7. Flow Log



----------------
; Legal Notice ;
----------------
Copyright (C) 1991-2009 Altera Corporation
Your use of Altera Corporation's design tools, logic functions 
and other software and tools, and its AMPP partner logic 
functions, and any output files from any of the foregoing 
(including device programming or simulation files), and any 
associated documentation or information are expressly subject 
to the terms and conditions of the Altera Program License 
Subscription Agreement, Altera MegaCore Function License 
Agreement, or other applicable license agreement, including, 
without limitation, that your use is for the sole purpose of 
programming logic devices manufactured by Altera and sold by 
Altera or its authorized distributors.  Please refer to the 
applicable agreement for further details.



+--------------------------------------------------------------------------+
; Flow Summary                                                             ;
+-------------------------------+------------------------------------------+
; Flow Status                   ; Successful - Wed Oct 16 22:31:41 2019    ;
; Quartus II Version            ; 9.0 Build 132 02/25/2009 SJ Full Version ;
; Revision Name                 ; d_flip_flop                              ;
; Top-level Entity Name         ; d_flip_flop                              ;
; Family                        ; Stratix II                               ;
; Device                        ; EP2S30F484C3                             ;
; Timing Models                 ; Final                                    ;
; Met timing requirements       ; Yes                                      ;
; Logic utilization             ; < 1 %                                    ;
;     Combinational ALUTs       ; 0 / 27,104 ( 0 % )                       ;
;     Dedicated logic registers ; 1 / 27,104 ( < 1 % )                     ;
; Total registers               ; 1                                        ;
; Total pins                    ; 3 / 343 ( < 1 % )                        ;
; Total virtual pins            ; 0                                        ;
; Total block memory bits       ; 0 / 1,369,728 ( 0 % )                    ;
; DSP block 9-bit elements      ; 0 / 128 ( 0 % )                          ;
; Total PLLs                    ; 0 / 6 ( 0 % )                            ;
; Total DLLs                    ; 0 / 2 ( 0 % )                            ;
+-------------------------------+------------------------------------------+


+-----------------------------------------+
; Flow Settings                           ;
+-------------------+---------------------+
; Option            ; Setting             ;
+-------------------+---------------------+
; Start date & time ; 10/16/2019 22:31:28 ;
; Main task         ; Compilation         ;
; Revision Name     ; d_flip_flop         ;
+-------------------+---------------------+


+--------------------------------------------------------------------------------------------------------------------+
; Flow Non-Default Global Settings                                                                                   ;
+------------------------------------+--------------------------------+---------------+-------------+----------------+
; Assignment Name                    ; Value                          ; Default Value ; Entity Name ; Section Id     ;
+------------------------------------+--------------------------------+---------------+-------------+----------------+
; COMPILER_SIGNATURE_ID              ; 26833617197304.157125428805180 ; --            ; --          ; --             ;
; MAX_CORE_JUNCTION_TEMP             ; 85                             ; --            ; --          ; --             ;
; MIN_CORE_JUNCTION_TEMP             ; 0                              ; --            ; --          ; --             ;
; PARTITION_COLOR                    ; 16764057                       ; --            ; --          ; Top            ;
; PARTITION_NETLIST_TYPE             ; SOURCE                         ; --            ; --          ; Top            ;
; USE_GENERATED_PHYSICAL_CONSTRAINTS ; Off                            ; --            ; --          ; eda_blast_fpga ;
+------------------------------------+--------------------------------+---------------+-------------+----------------+


+-----------------------------------------------------------------------------------------------------------------------------+
; Flow Elapsed Time                                                                                                           ;
+-------------------------+--------------+-------------------------+---------------------+------------------------------------+
; Module Name             ; Elapsed Time ; Average Processors Used ; Peak Virtual Memory ; Total CPU Time (on all processors) ;
+-------------------------+--------------+-------------------------+---------------------+------------------------------------+
; Analysis & Synthesis    ; 00:00:01     ; 1.0                     ; 239 MB              ; 00:00:01                           ;
; Fitter                  ; 00:00:05     ; 1.0                     ; 328 MB              ; 00:00:05                           ;
; Assembler               ; 00:00:04     ; 1.0                     ; 288 MB              ; 00:00:04                           ;
; Classic Timing Analyzer ; 00:00:00     ; 1.0                     ; 176 MB              ; 00:00:00                           ;
; Total                   ; 00:00:10     ; --                      ; --                  ; 00:00:10                           ;
+-------------------------+--------------+-------------------------+---------------------+------------------------------------+


+------------------------------------------------------------------------------------------+
; Flow OS Summary                                                                          ;
+-------------------------+------------------+---------------+------------+----------------+
; Module Name             ; Machine Hostname ; OS Name       ; OS Version ; Processor type ;
+-------------------------+------------------+---------------+------------+----------------+
; Analysis & Synthesis    ; DESKTOP-7F1T7JH  ; Windows Vista ; 6.2        ; x86_64         ;
; Fitter                  ; DESKTOP-7F1T7JH  ; Windows Vista ; 6.2        ; x86_64         ;
; Assembler               ; DESKTOP-7F1T7JH  ; Windows Vista ; 6.2        ; x86_64         ;
; Classic Timing Analyzer ; DESKTOP-7F1T7JH  ; Windows Vista ; 6.2        ; x86_64         ;
+-------------------------+------------------+---------------+------------+----------------+


------------
; Flow Log ;
------------
quartus_map --read_settings_files=on --write_settings_files=off d_flip_flop -c d_flip_flop
quartus_fit --read_settings_files=off --write_settings_files=off d_flip_flop -c d_flip_flop
quartus_asm --read_settings_files=off --write_settings_files=off d_flip_flop -c d_flip_flop
quartus_tan --read_settings_files=off --write_settings_files=off d_flip_flop -c d_flip_flop --timing_analysis_only



